# JRE version: OpenJDK Runtime Environment (17.0.6) (build 17.0.6+0-b2043.56-10027231)
# Java VM: OpenJDK 64-Bit Server VM (17.0.6+0-b2043.56-10027231, mixed mode, tiered, compressed oops, compressed class ptrs, g1 gc, windows-amd64)
GC Precious Log:
 CPUs: 12 total, 12 available
 Memory: 8013M
 Large Page Support: Disabled
 NUMA Support: Disabled
 Compressed Oops: Enabled (32-bit)
 Heap Region Size: 1M
 Heap Min Capacity: 8M
 Heap Initial Capacity: 126M
 Heap Max Capacity: 2G
 Pre-touch: Disabled
 Parallel Workers: 10
 Concurrent Workers: 3
 Concurrent Refinement Workers: 10
 Periodic GC: Disabled
Heap:
 garbage-first heap   total 404480K, used 254539K [0x0000000080000000, 0x0000000100000000)
  region size 1024K, 28 young (28672K), 8 survivors (8192K)
 Metaspace       used 131106K, committed 132096K, reserved 1171456K
  class space    used 16918K, committed 17344K, reserved 1048576K
GC Heap History (20 events):
Event: 1107.434 GC heap before
{Heap before GC invocations=57 (full 0):
 garbage-first heap   total 326656K, used 263388K [0x0000000080000000, 0x0000000100000000)
  region size 1024K, 88 young (90112K), 11 survivors (11264K)
 Metaspace       used 117175K, committed 118144K, reserved 1155072K
  class space    used 15374K, committed 15872K, reserved 1048576K
}
Event: 1107.636 GC heap after
{Heap after GC invocations=58 (full 0):
 garbage-first heap   total 326656K, used 189586K [0x0000000080000000, 0x0000000100000000)
  region size 1024K, 5 young (5120K), 5 survivors (5120K)
 Metaspace       used 117175K, committed 118144K, reserved 1155072K
  class space    used 15374K, committed 15872K, reserved 1048576K
}
Event: 1110.268 GC heap before
{Heap before GC invocations=59 (full 0):
 garbage-first heap   total 337920K, used 268434K [0x0000000080000000, 0x0000000100000000)
  region size 1024K, 82 young (83968K), 5 survivors (5120K)
 Metaspace       used 119182K, committed 120192K, reserved 1155072K
  class space    used 15611K, committed 16128K, reserved 1048576K
}
Event: 1110.284 GC heap after
{Heap after GC invocations=60 (full 0):
 garbage-first heap   total 337920K, used 198131K [0x0000000080000000, 0x0000000100000000)
  region size 1024K, 11 young (11264K), 11 survivors (11264K)
 Metaspace       used 119182K, committed 120192K, reserved 1155072K
  class space    used 15611K, committed 16128K, reserved 1048576K
}
Event: 1110.337 GC heap before
{Heap before GC invocations=60 (full 0):
 garbage-first heap   total 337920K, used 203251K [0x0000000080000000, 0x0000000100000000)
  region size 1024K, 16 young (16384K), 11 survivors (11264K)
 Metaspace       used 119195K, committed 120256K, reserved 1155072K
  class space    used 15612K, committed 16128K, reserved 1048576K
}
Event: 1110.373 GC heap after
{Heap after GC invocations=61 (full 0):
 garbage-first heap   total 337920K, used 200199K [0x0000000080000000, 0x0000000100000000)
  region size 1024K, 2 young (2048K), 2 survivors (2048K)
 Metaspace       used 119195K, committed 120256K, reserved 1155072K
  class space    used 15612K, committed 16128K, reserved 1048576K
}
Event: 1112.384 GC heap before
{Heap before GC invocations=61 (full 0):
 garbage-first heap   total 337920K, used 279047K [0x0000000080000000, 0x0000000100000000)
  region size 1024K, 78 young (79872K), 2 survivors (2048K)
 Metaspace       used 123334K, committed 124352K, reserved 1163264K
  class space    used 16198K, committed 16704K, reserved 1048576K
}
Event: 1112.406 GC heap after
{Heap after GC invocations=62 (full 0):
 garbage-first heap   total 337920K, used 219045K [0x0000000080000000, 0x0000000100000000)
  region size 1024K, 10 young (10240K), 10 survivors (10240K)
 Metaspace       used 123334K, committed 124352K, reserved 1163264K
  class space    used 16198K, committed 16704K, reserved 1048576K
}
Event: 1113.124 GC heap before
{Heap before GC invocations=62 (full 0):
 garbage-first heap   total 337920K, used 240549K [0x0000000080000000, 0x0000000100000000)
  region size 1024K, 33 young (33792K), 10 survivors (10240K)
 Metaspace       used 123525K, committed 124480K, reserved 1163264K
  class space    used 16198K, committed 16704K, reserved 1048576K
}
Event: 1113.141 GC heap after
{Heap after GC invocations=63 (full 0):
 garbage-first heap   total 337920K, used 228076K [0x0000000080000000, 0x0000000100000000)
  region size 1024K, 8 young (8192K), 8 survivors (8192K)
 Metaspace       used 123525K, committed 124480K, reserved 1163264K
  class space    used 16198K, committed 16704K, reserved 1048576K
}
Event: 1114.459 GC heap before
{Heap before GC invocations=64 (full 0):
 garbage-first heap   total 404480K, used 286444K [0x0000000080000000, 0x0000000100000000)
  region size 1024K, 55 young (56320K), 8 survivors (8192K)
 Metaspace       used 124051K, committed 125056K, reserved 1163264K
  class space    used 16236K, committed 16704K, reserved 1048576K
}
Event: 1114.530 GC heap after
{Heap after GC invocations=65 (full 0):
 garbage-first heap   total 404480K, used 244933K [0x0000000080000000, 0x0000000100000000)
  region size 1024K, 7 young (7168K), 7 survivors (7168K)
 Metaspace       used 124051K, committed 125056K, reserved 1163264K
  class space    used 16236K, committed 16704K, reserved 1048576K
}
Event: 1114.857 GC heap before
{Heap before GC invocations=65 (full 0):
 garbage-first heap   total 404480K, used 256197K [0x0000000080000000, 0x0000000100000000)
  region size 1024K, 19 young (19456K), 7 survivors (7168K)
 Metaspace       used 124120K, committed 125120K, reserved 1163264K
  class space    used 16241K, committed 16704K, reserved 1048576K
}
Event: 1114.870 GC heap after
{Heap after GC invocations=66 (full 0):
 garbage-first heap   total 404480K, used 244410K [0x0000000080000000, 0x0000000100000000)
  region size 1024K, 2 young (2048K), 2 survivors (2048K)
 Metaspace       used 124120K, committed 125120K, reserved 1163264K
  class space    used 16241K, committed 16704K, reserved 1048576K
}
Event: 1115.653 GC heap before
{Heap before GC invocations=66 (full 0):
 garbage-first heap   total 404480K, used 330426K [0x0000000080000000, 0x0000000100000000)
  region size 1024K, 70 young (71680K), 2 survivors (2048K)
 Metaspace       used 127533K, committed 128576K, reserved 1163264K
  class space    used 16552K, committed 17024K, reserved 1048576K
}
Event: 1115.663 GC heap after
{Heap after GC invocations=67 (full 0):
 garbage-first heap   total 404480K, used 251155K [0x0000000080000000, 0x0000000100000000)
  region size 1024K, 8 young (8192K), 8 survivors (8192K)
 Metaspace       used 127533K, committed 128576K, reserved 1163264K
  class space    used 16552K, committed 17024K, reserved 1048576K
}
Event: 1116.048 GC heap before
{Heap before GC invocations=67 (full 0):
 garbage-first heap   total 404480K, used 319763K [0x0000000080000000, 0x0000000100000000)
  region size 1024K, 76 young (77824K), 8 survivors (8192K)
 Metaspace       used 128987K, committed 129984K, reserved 1163264K
  class space    used 16692K, committed 17152K, reserved 1048576K
}
Event: 1116.057 GC heap after
{Heap after GC invocations=68 (full 0):
 garbage-first heap   total 404480K, used 251310K [0x0000000080000000, 0x0000000100000000)
  region size 1024K, 4 young (4096K), 4 survivors (4096K)
 Metaspace       used 128987K, committed 129984K, reserved 1163264K
  class space    used 16692K, committed 17152K, reserved 1048576K
}
Event: 1116.934 GC heap before
{Heap before GC invocations=68 (full 0):
 garbage-first heap   total 404480K, used 325038K [0x0000000080000000, 0x0000000100000000)
  region size 1024K, 77 young (78848K), 4 survivors (4096K)
 Metaspace       used 131006K, committed 131968K, reserved 1171456K
  class space    used 16908K, committed 17344K, reserved 1048576K
}
Event: 1116.943 GC heap after
{Heap after GC invocations=69 (full 0):
 garbage-first heap   total 404480K, used 254539K [0x0000000080000000, 0x0000000100000000)
  region size 1024K, 8 young (8192K), 8 survivors (8192K)
 Metaspace       used 131006K, committed 131968K, reserved 1171456K
  class space    used 16908K, committed 17344K, reserved 1048576K
}

